<?xml version="1.0" encoding="UTF-8" ?>
<testsuite tests="3" failures="1" name="com.example.AppSystemTest" time="0.168" errors="0" skipped="0">
  <properties>
[...]
</properties>
  <testcase classname="com.example.AppSystemTest" name="testAdd" time="0.003"/>
  <testcase classname="com.example.AppSystemTest" name="testReduceAvailableQuantity" time="0.002"/>
  <testcase classname="com.example.AppSystemTest" name="testDisplay" time="0.163">
    <failure message="Checks Display:  expected:&lt;AppSystem Inventory:[
Name                 Description          Price      Available Quantity
pizza                very cheesy          12.30      3         
salad                cobb salad           15.50      12        
hunger burger        huge patty           9.49       10        
fried chicken        so crispy            18.99      5         ]
&gt; but was:&lt;AppSystem Inventory:[ 
 Name: pizza Description: very cheesy Price: 12.3 Available Quantity: 3
 Name: salad Description: cobb salad Price: 15.5 Available Quantity: 12
 Name: hunger burger Description: huge patty Price: 9.49 Available Quantity: 10
 Name: fried chicken Description: so crispy Price: 18.99 Available Quantity: 5
]
&gt;" type="org.junit.ComparisonFailure">org.junit.ComparisonFailure: Checks Display:  expected:&lt;AppSystem Inventory:[
Name                 Description          Price      Available Quantity
pizza                very cheesy          12.30      3         
salad                cobb salad           15.50      12        
hunger burger        huge patty           9.49       10        
fried chicken        so crispy            18.99      5         ]
&gt; but was:&lt;AppSystem Inventory:[ 
 Name: pizza Description: very cheesy Price: 12.3 Available Quantity: 3
 Name: salad Description: cobb salad Price: 15.5 Available Quantity: 12
 Name: hunger burger Description: huge patty Price: 9.49 Available Quantity: 10
 Name: fried chicken Description: so crispy Price: 18.99 Available Quantity: 5
]
&gt;
	at org.junit.Assert.assertEquals(Assert.java:115)
	at com.example.AppSystemTest.testDisplay(AppSystemTest.java:97)
	at sun.reflect.NativeMethodAccessorImpl.invoke0(Native Method)
	at sun.reflect.NativeMethodAccessorImpl.invoke(NativeMethodAccessorImpl.java:62)
	at sun.reflect.DelegatingMethodAccessorImpl.invoke(DelegatingMethodAccessorImpl.java:43)
	at java.lang.reflect.Method.invoke(Method.java:498)
	at org.junit.runners.model.FrameworkMethod$1.runReflectiveCall(FrameworkMethod.java:47)
	at org.junit.internal.runners.model.ReflectiveCallable.run(ReflectiveCallable.java:12)
	at org.junit.runners.model.FrameworkMethod.invokeExplosively(FrameworkMethod.java:44)
	at org.junit.internal.runners.statements.InvokeMethod.evaluate(InvokeMethod.java:17)
	at org.junit.internal.runners.statements.RunBefores.evaluate(RunBefores.java:26)
	at org.junit.internal.runners.statements.RunAfters.evaluate(RunAfters.java:27)
	at org.junit.runners.ParentRunner.runLeaf(ParentRunner.java:271)
	at org.junit.runners.BlockJUnit4ClassRunner.runChild(BlockJUnit4ClassRunner.java:70)
	at org.junit.runners.BlockJUnit4ClassRunner.runChild(BlockJUnit4ClassRunner.java:50)
	at org.junit.runners.ParentRunner$3.run(ParentRunner.java:238)
	at org.junit.runners.ParentRunner$1.schedule(ParentRunner.java:63)
	at org.junit.runners.ParentRunner.runChildren(ParentRunner.java:236)
	at org.junit.runners.ParentRunner.access$000(ParentRunner.java:53)
	at org.junit.runners.ParentRunner$2.evaluate(ParentRunner.java:229)
	at org.junit.runners.ParentRunner.run(ParentRunner.java:309)
	at org.apache.maven.surefire.junit4.JUnit4Provider.execute(JUnit4Provider.java:252)
	at org.apache.maven.surefire.junit4.JUnit4Provider.executeTestSet(JUnit4Provider.java:141)
	at org.apache.maven.surefire.junit4.JUnit4Provider.invoke(JUnit4Provider.java:112)
	at sun.reflect.NativeMethodAccessorImpl.invoke0(Native Method)
	at sun.reflect.NativeMethodAccessorImpl.invoke(NativeMethodAccessorImpl.java:62)
	at sun.reflect.DelegatingMethodAccessorImpl.invoke(DelegatingMethodAccessorImpl.java:43)
	at java.lang.reflect.Method.invoke(Method.java:498)
	at org.apache.maven.surefire.util.ReflectionUtils.invokeMethodWithArray(ReflectionUtils.java:189)
	at org.apache.maven.surefire.booter.ProviderFactory$ProviderProxy.invoke(ProviderFactory.java:165)
	at org.apache.maven.surefire.booter.ProviderFactory.invokeProvider(ProviderFactory.java:85)
	at org.apache.maven.surefire.booter.ForkedBooter.runSuitesInProcess(ForkedBooter.java:115)
	at org.apache.maven.surefire.booter.ForkedBooter.main(ForkedBooter.java:75)
</failure>
  </testcase>
</testsuite>